<?xml version="1.0" encoding="UTF-8" ?>
<testsuite failures="0" time="0.454" errors="0" skipped="0" tests="7" name="CompilerTest">
  <properties>
    <property name="java.runtime.name" value="Java(TM) SE Runtime Environment"/>
    <property name="sun.boot.library.path" value="/System/Library/Java/JavaVirtualMachines/1.6.0.jdk/Contents/Libraries"/>
    <property name="java.vm.version" value="20.6-b01-415"/>
    <property name="awt.nativeDoubleBuffering" value="true"/>
    <property name="gopherProxySet" value="false"/>
    <property name="mrj.build" value="10M3635"/>
    <property name="java.vm.vendor" value="Apple Inc."/>
    <property name="java.vendor.url" value="http://www.apple.com/"/>
    <property name="path.separator" value=":"/>
    <property name="java.vm.name" value="Java HotSpot(TM) 64-Bit Server VM"/>
    <property name="file.encoding.pkg" value="sun.io"/>
    <property name="user.country" value="US"/>
    <property name="sun.java.launcher" value="SUN_STANDARD"/>
    <property name="sun.os.patch.level" value="unknown"/>
    <property name="java.vm.specification.name" value="Java Virtual Machine Specification"/>
    <property name="user.dir" value="/Users/jonathan/Documents/workspace_stage/CriojoCompiler"/>
    <property name="java.runtime.version" value="1.6.0_31-b04-415-10M3635"/>
    <property name="java.awt.graphicsenv" value="apple.awt.CGraphicsEnvironment"/>
    <property name="basedir" value="/Users/jonathan/Documents/workspace_stage/CriojoCompiler"/>
    <property name="java.endorsed.dirs" value="/System/Library/Java/JavaVirtualMachines/1.6.0.jdk/Contents/Home/lib/endorsed"/>
    <property name="os.arch" value="x86_64"/>
    <property name="surefire.real.class.path" value="/Users/jonathan/Documents/workspace_stage/CriojoCompiler/target/surefire/surefirebooter812902806037125359.jar:/Users/jonathan/.m2/repository/org/jacoco/org.jacoco.agent/0.5.3.201107060350/org.jacoco.agent-0.5.3.201107060350-runtime.jar"/>
    <property name="java.io.tmpdir" value="/var/folders/vX/vXgrlfqGEgWds7kMshXiE++++TI/-Tmp-/"/>
    <property name="line.separator" value="
"/>
    <property name="java.vm.specification.vendor" value="Sun Microsystems Inc."/>
    <property name="os.name" value="Mac OS X"/>
    <property name="sun.jnu.encoding" value="MacRoman"/>
    <property name="java.library.path" value=".:/Library/Java/Extensions:/System/Library/Java/Extensions:/usr/lib/java"/>
    <property name="surefire.test.class.path" value="/Users/jonathan/Documents/workspace_stage/CriojoCompiler/target/test-classes:/Users/jonathan/Documents/workspace_stage/CriojoCompiler/target/classes:/Users/jonathan/.m2/repository/org/scala-lang/scala-library/2.9.1/scala-library-2.9.1.jar:/Users/jonathan/.m2/repository/junit/junit/4.8.1/junit-4.8.1.jar:"/>
    <property name="java.specification.name" value="Java Platform API Specification"/>
    <property name="java.class.version" value="50.0"/>
    <property name="sun.management.compiler" value="HotSpot 64-Bit Tiered Compilers"/>
    <property name="os.version" value="10.6.8"/>
    <property name="http.nonProxyHosts" value="local|*.local|169.254/16|*.169.254/16"/>
    <property name="user.home" value="/Users/jonathan"/>
    <property name="user.timezone" value=""/>
    <property name="java.awt.printerjob" value="apple.awt.CPrinterJob"/>
    <property name="java.specification.version" value="1.6"/>
    <property name="file.encoding" value="MacRoman"/>
    <property name="user.name" value="jonathan"/>
    <property name="java.class.path" value="/Users/jonathan/Documents/workspace_stage/CriojoCompiler/target/test-classes:/Users/jonathan/Documents/workspace_stage/CriojoCompiler/target/classes:/Users/jonathan/.m2/repository/org/scala-lang/scala-library/2.9.1/scala-library-2.9.1.jar:/Users/jonathan/.m2/repository/junit/junit/4.8.1/junit-4.8.1.jar:"/>
    <property name="java.vm.specification.version" value="1.0"/>
    <property name="sun.arch.data.model" value="64"/>
    <property name="java.home" value="/System/Library/Java/JavaVirtualMachines/1.6.0.jdk/Contents/Home"/>
    <property name="sun.java.command" value="/Users/jonathan/Documents/workspace_stage/CriojoCompiler/target/surefire/surefirebooter812902806037125359.jar /Users/jonathan/Documents/workspace_stage/CriojoCompiler/target/surefire/surefire7212587835693684407tmp /Users/jonathan/Documents/workspace_stage/CriojoCompiler/target/surefire/surefire2337705716108676807tmp"/>
    <property name="java.specification.vendor" value="Sun Microsystems Inc."/>
    <property name="user.language" value="en"/>
    <property name="awt.toolkit" value="apple.awt.CToolkit"/>
    <property name="java.vm.info" value="mixed mode"/>
    <property name="java.version" value="1.6.0_31"/>
    <property name="java.ext.dirs" value="/Library/Java/Extensions:/System/Library/Java/Extensions:/System/Library/Java/JavaVirtualMachines/1.6.0.jdk/Contents/Home/lib/ext"/>
    <property name="sun.boot.class.path" value="/System/Library/Java/JavaVirtualMachines/1.6.0.jdk/Contents/Classes/jsfd.jar:/System/Library/Java/JavaVirtualMachines/1.6.0.jdk/Contents/Classes/classes.jar:/System/Library/Frameworks/JavaVM.framework/Frameworks/JavaRuntimeSupport.framework/Resources/Java/JavaRuntimeSupport.jar:/System/Library/Java/JavaVirtualMachines/1.6.0.jdk/Contents/Classes/ui.jar:/System/Library/Java/JavaVirtualMachines/1.6.0.jdk/Contents/Classes/laf.jar:/System/Library/Java/JavaVirtualMachines/1.6.0.jdk/Contents/Classes/sunrsasign.jar:/System/Library/Java/JavaVirtualMachines/1.6.0.jdk/Contents/Classes/jsse.jar:/System/Library/Java/JavaVirtualMachines/1.6.0.jdk/Contents/Classes/jce.jar:/System/Library/Java/JavaVirtualMachines/1.6.0.jdk/Contents/Classes/charsets.jar"/>
    <property name="java.vendor" value="Apple Inc."/>
    <property name="localRepository" value="/Users/jonathan/.m2/repository"/>
    <property name="file.separator" value="/"/>
    <property name="java.vendor.url.bug" value="http://bugreport.apple.com/"/>
    <property name="sun.cpu.endian" value="little"/>
    <property name="sun.io.unicode.encoding" value="UnicodeLittle"/>
    <property name="mrj.version" value="1060.1.6.0_31-415"/>
    <property name="socksNonProxyHosts" value="local|*.local|169.254/16|*.169.254/16"/>
    <property name="ftp.nonProxyHosts" value="local|*.local|169.254/16|*.169.254/16"/>
    <property name="sun.cpu.isalist" value=""/>
  </properties>
  <testcase time="0.261" classname="CompilerTest" name="expressionTest"/>
  <testcase time="0.025" classname="CompilerTest" name="expressionSTest"/>
  <testcase time="0.025" classname="CompilerTest" name="atomTest"/>
  <testcase time="0.036" classname="CompilerTest" name="computeTest"/>
  <testcase time="0.032" classname="CompilerTest" name="computeFileTest"/>
  <testcase time="0.018" classname="CompilerTest" name="mainCompilerTest1Arg"/>
  <testcase time="0.019" classname="CompilerTest" name="mainCompilerTest2Arg"/>
</testsuite>