<?xml version="1.0" encoding="UTF-8" ?>
<testsuite failures="0" time="0.001" errors="0" skipped="0" tests="1" name="fr.emn.criojo.core.ChannelTest">
  <properties>
    <property name="java.runtime.name" value="Java(TM) SE Runtime Environment"/>
    <property name="sun.boot.library.path" value="/System/Library/Java/JavaVirtualMachines/1.6.0.jdk/Contents/Libraries"/>
    <property name="java.vm.version" value="20.6-b01-415"/>
    <property name="awt.nativeDoubleBuffering" value="true"/>
    <property name="gopherProxySet" value="false"/>
    <property name="mrj.build" value="10M3635"/>
    <property name="java.vm.vendor" value="Apple Inc."/>
    <property name="java.vendor.url" value="http://www.apple.com/"/>
    <property name="path.separator" value=":"/>
    <property name="java.vm.name" value="Java HotSpot(TM) 64-Bit Server VM"/>
    <property name="file.encoding.pkg" value="sun.io"/>
    <property name="user.country" value="US"/>
    <property name="sun.java.launcher" value="SUN_STANDARD"/>
    <property name="sun.os.patch.level" value="unknown"/>
    <property name="java.vm.specification.name" value="Java Virtual Machine Specification"/>
    <property name="user.dir" value="/Users/jonathan/Documents/criojo/CRIOJO/Core"/>
    <property name="java.runtime.version" value="1.6.0_31-b04-415-10M3635"/>
    <property name="java.awt.graphicsenv" value="apple.awt.CGraphicsEnvironment"/>
    <property name="basedir" value="/Users/jonathan/Documents/criojo/CRIOJO/Core"/>
    <property name="java.endorsed.dirs" value="/System/Library/Java/JavaVirtualMachines/1.6.0.jdk/Contents/Home/lib/endorsed"/>
    <property name="os.arch" value="x86_64"/>
    <property name="surefire.real.class.path" value="/Users/jonathan/Documents/criojo/CRIOJO/Core/target/surefire/surefirebooter1891511632705734769.jar:/Users/jonathan/.m2/repository/org/jacoco/org.jacoco.agent/0.5.3.201107060350/org.jacoco.agent-0.5.3.201107060350-runtime.jar"/>
    <property name="java.io.tmpdir" value="/var/folders/vX/vXgrlfqGEgWds7kMshXiE++++TI/-Tmp-/"/>
    <property name="line.separator" value="
"/>
    <property name="java.vm.specification.vendor" value="Sun Microsystems Inc."/>
    <property name="os.name" value="Mac OS X"/>
    <property name="sun.jnu.encoding" value="MacRoman"/>
    <property name="java.library.path" value=".:/Library/Java/Extensions:/System/Library/Java/Extensions:/usr/lib/java"/>
    <property name="surefire.test.class.path" value="/Users/jonathan/Documents/criojo/CRIOJO/Core/target/test-classes:/Users/jonathan/Documents/criojo/CRIOJO/Core/target/classes:/Users/jonathan/.m2/repository/org/scala-lang/scala-library/2.9.1/scala-library-2.9.1.jar:/Users/jonathan/.m2/repository/junit/junit/4.8.1/junit-4.8.1.jar:/Users/jonathan/.m2/repository/com/sun/jersey/jersey-client/1.3/jersey-client-1.3.jar:/Users/jonathan/.m2/repository/com/sun/jersey/jersey-core/1.3/jersey-core-1.3.jar:/Users/jonathan/.m2/repository/javax/ws/rs/jsr311-api/1.1.1/jsr311-api-1.1.1.jar:/Users/jonathan/.m2/repository/com/sun/jersey/jersey-json/1.3/jersey-json-1.3.jar:/Users/jonathan/.m2/repository/org/codehaus/jettison/jettison/1.1/jettison-1.1.jar:/Users/jonathan/.m2/repository/stax/stax-api/1.0.1/stax-api-1.0.1.jar:/Users/jonathan/.m2/repository/com/sun/xml/bind/jaxb-impl/2.1.12/jaxb-impl-2.1.12.jar:/Users/jonathan/.m2/repository/javax/xml/bind/jaxb-api/2.1/jaxb-api-2.1.jar:/Users/jonathan/.m2/repository/javax/xml/stream/stax-api/1.0-2/stax-api-1.0-2.jar:/Users/jonathan/.m2/repository/javax/activation/activation/1.1/activation-1.1.jar:/Users/jonathan/.m2/repository/org/codehaus/jackson/jackson-core-asl/1.1.1/jackson-core-asl-1.1.1.jar:/Users/jonathan/.m2/repository/net/debasishg/sjson_2.8.0/0.8/sjson_2.8.0-0.8.jar:/Users/jonathan/.m2/repository/org/objenesis/objenesis/1.2/objenesis-1.2.jar:/Users/jonathan/.m2/repository/net/databinder/dispatch-json_2.8.0/0.7.4/dispatch-json_2.8.0-0.7.4.jar:/Users/jonathan/.m2/repository/commons-io/commons-io/1.4/commons-io-1.4.jar:/Users/jonathan/.m2/repository/net/databinder/dispatch-json_2.8.0.RC3/0.7.4/dispatch-json_2.8.0.RC3-0.7.4.jar:"/>
    <property name="java.specification.name" value="Java Platform API Specification"/>
    <property name="java.class.version" value="50.0"/>
    <property name="sun.management.compiler" value="HotSpot 64-Bit Tiered Compilers"/>
    <property name="os.version" value="10.6.8"/>
    <property name="http.nonProxyHosts" value="local|*.local|169.254/16|*.169.254/16"/>
    <property name="user.home" value="/Users/jonathan"/>
    <property name="user.timezone" value=""/>
    <property name="java.awt.printerjob" value="apple.awt.CPrinterJob"/>
    <property name="java.specification.version" value="1.6"/>
    <property name="file.encoding" value="MacRoman"/>
    <property name="user.name" value="jonathan"/>
    <property name="java.class.path" value="/Users/jonathan/Documents/criojo/CRIOJO/Core/target/test-classes:/Users/jonathan/Documents/criojo/CRIOJO/Core/target/classes:/Users/jonathan/.m2/repository/org/scala-lang/scala-library/2.9.1/scala-library-2.9.1.jar:/Users/jonathan/.m2/repository/junit/junit/4.8.1/junit-4.8.1.jar:/Users/jonathan/.m2/repository/com/sun/jersey/jersey-client/1.3/jersey-client-1.3.jar:/Users/jonathan/.m2/repository/com/sun/jersey/jersey-core/1.3/jersey-core-1.3.jar:/Users/jonathan/.m2/repository/javax/ws/rs/jsr311-api/1.1.1/jsr311-api-1.1.1.jar:/Users/jonathan/.m2/repository/com/sun/jersey/jersey-json/1.3/jersey-json-1.3.jar:/Users/jonathan/.m2/repository/org/codehaus/jettison/jettison/1.1/jettison-1.1.jar:/Users/jonathan/.m2/repository/stax/stax-api/1.0.1/stax-api-1.0.1.jar:/Users/jonathan/.m2/repository/com/sun/xml/bind/jaxb-impl/2.1.12/jaxb-impl-2.1.12.jar:/Users/jonathan/.m2/repository/javax/xml/bind/jaxb-api/2.1/jaxb-api-2.1.jar:/Users/jonathan/.m2/repository/javax/xml/stream/stax-api/1.0-2/stax-api-1.0-2.jar:/Users/jonathan/.m2/repository/javax/activation/activation/1.1/activation-1.1.jar:/Users/jonathan/.m2/repository/org/codehaus/jackson/jackson-core-asl/1.1.1/jackson-core-asl-1.1.1.jar:/Users/jonathan/.m2/repository/net/debasishg/sjson_2.8.0/0.8/sjson_2.8.0-0.8.jar:/Users/jonathan/.m2/repository/org/objenesis/objenesis/1.2/objenesis-1.2.jar:/Users/jonathan/.m2/repository/net/databinder/dispatch-json_2.8.0/0.7.4/dispatch-json_2.8.0-0.7.4.jar:/Users/jonathan/.m2/repository/commons-io/commons-io/1.4/commons-io-1.4.jar:/Users/jonathan/.m2/repository/net/databinder/dispatch-json_2.8.0.RC3/0.7.4/dispatch-json_2.8.0.RC3-0.7.4.jar:"/>
    <property name="java.vm.specification.version" value="1.0"/>
    <property name="sun.arch.data.model" value="64"/>
    <property name="java.home" value="/System/Library/Java/JavaVirtualMachines/1.6.0.jdk/Contents/Home"/>
    <property name="sun.java.command" value="/Users/jonathan/Documents/criojo/CRIOJO/Core/target/surefire/surefirebooter1891511632705734769.jar /Users/jonathan/Documents/criojo/CRIOJO/Core/target/surefire/surefire8783164876745584330tmp /Users/jonathan/Documents/criojo/CRIOJO/Core/target/surefire/surefire4319404565254601316tmp"/>
    <property name="java.specification.vendor" value="Sun Microsystems Inc."/>
    <property name="user.language" value="en"/>
    <property name="awt.toolkit" value="apple.awt.CToolkit"/>
    <property name="java.vm.info" value="mixed mode"/>
    <property name="java.version" value="1.6.0_31"/>
    <property name="java.ext.dirs" value="/Library/Java/Extensions:/System/Library/Java/Extensions:/System/Library/Java/JavaVirtualMachines/1.6.0.jdk/Contents/Home/lib/ext"/>
    <property name="sun.boot.class.path" value="/System/Library/Java/JavaVirtualMachines/1.6.0.jdk/Contents/Classes/jsfd.jar:/System/Library/Java/JavaVirtualMachines/1.6.0.jdk/Contents/Classes/classes.jar:/System/Library/Frameworks/JavaVM.framework/Frameworks/JavaRuntimeSupport.framework/Resources/Java/JavaRuntimeSupport.jar:/System/Library/Java/JavaVirtualMachines/1.6.0.jdk/Contents/Classes/ui.jar:/System/Library/Java/JavaVirtualMachines/1.6.0.jdk/Contents/Classes/laf.jar:/System/Library/Java/JavaVirtualMachines/1.6.0.jdk/Contents/Classes/sunrsasign.jar:/System/Library/Java/JavaVirtualMachines/1.6.0.jdk/Contents/Classes/jsse.jar:/System/Library/Java/JavaVirtualMachines/1.6.0.jdk/Contents/Classes/jce.jar:/System/Library/Java/JavaVirtualMachines/1.6.0.jdk/Contents/Classes/charsets.jar"/>
    <property name="java.vendor" value="Apple Inc."/>
    <property name="localRepository" value="/Users/jonathan/.m2/repository"/>
    <property name="file.separator" value="/"/>
    <property name="java.vendor.url.bug" value="http://bugreport.apple.com/"/>
    <property name="sun.cpu.endian" value="little"/>
    <property name="sun.io.unicode.encoding" value="UnicodeLittle"/>
    <property name="mrj.version" value="1060.1.6.0_31-415"/>
    <property name="socksNonProxyHosts" value="local|*.local|169.254/16|*.169.254/16"/>
    <property name="ftp.nonProxyHosts" value="local|*.local|169.254/16|*.169.254/16"/>
    <property name="sun.cpu.isalist" value=""/>
  </properties>
  <testcase time="0" classname="fr.emn.criojo.core.ChannelTest" name="testChannel"/>
</testsuite>